<?xml version="1.0" encoding="UTF-8"?>
<!-- Generated by org.testng.reporters.JUnitXMLReporter -->
<testsuite hostname="JJAGADEE-IN" name="Selenium Grid Data-Driven Test" tests="6" failures="0" timestamp="25 Feb 2017 16:10:37 GMT" time="31.326" errors="0">
  <testcase name="testLogin" time="5.236" classname="com.example.selenium.grid.SeleniumGridChrome"/>
  <testcase name="testLogin" time="5.263" classname="com.example.selenium.grid.SeleniumGridFireFox"/>
  <testcase name="testLogin" time="0.735" classname="com.example.selenium.grid.SeleniumGridChrome"/>
  <testcase name="testLogin" time="1.098" classname="com.example.selenium.grid.SeleniumGridFireFox"/>
  <testcase name="testLogin" time="9.093" classname="com.example.selenium.grid.SeleniumGridIE"/>
  <testcase name="testLogin" time="6.731" classname="com.example.selenium.grid.SeleniumGridIE"/>
</testsuite> <!-- Selenium Grid Data-Driven Test -->
