<?xml version="1.0" encoding="UTF-8"?>
<testng-results skipped="0" failed="0" total="2" passed="2">
  <reporter-output>
  </reporter-output>
  <suite name="My test suite" duration-ms="0" started-at="2017-02-25T05:18:53Z" finished-at="2017-02-25T05:18:53Z">
    <groups>
    </groups>
  </suite> <!-- My test suite -->
  <suite name="Test-class Suite" duration-ms="21" started-at="2017-02-25T05:18:53Z" finished-at="2017-02-25T05:18:53Z">
    <groups>
    </groups>
    <test name="Test-class test 2" duration-ms="21" started-at="2017-02-25T05:18:53Z" finished-at="2017-02-25T05:18:53Z">
      <class name="com.parallel.suite.ParallelSuiteTest">
        <test-method status="PASS" signature="beforeTest(java.lang.String)[pri:0, instance:com.parallel.suite.ParallelSuiteTest@5315b42e]" name="beforeTest" is-config="true" duration-ms="9" started-at="2017-02-25T10:48:53Z" finished-at="2017-02-25T10:48:53Z">
          <params>
            <param index="0">
              <value>
                <![CDATA[TestNG Test Two]]>
              </value>
            </param>
          </params>
          <reporter-output>
          </reporter-output>
        </test-method> <!-- beforeTest -->
        <test-method status="PASS" signature="beforeClass()[pri:0, instance:com.parallel.suite.ParallelSuiteTest@5315b42e]" name="beforeClass" is-config="true" duration-ms="0" started-at="2017-02-25T10:48:53Z" finished-at="2017-02-25T10:48:53Z">
          <reporter-output>
          </reporter-output>
        </test-method> <!-- beforeClass -->
        <test-method status="PASS" signature="testMethodOne()[pri:0, instance:com.parallel.suite.ParallelSuiteTest@5315b42e]" name="testMethodOne" duration-ms="0" started-at="2017-02-25T10:48:53Z" finished-at="2017-02-25T10:48:53Z">
          <reporter-output>
          </reporter-output>
        </test-method> <!-- testMethodOne -->
        <test-method status="PASS" signature="afterClass()[pri:0, instance:com.parallel.suite.ParallelSuiteTest@5315b42e]" name="afterClass" is-config="true" duration-ms="0" started-at="2017-02-25T10:48:53Z" finished-at="2017-02-25T10:48:53Z">
          <reporter-output>
          </reporter-output>
        </test-method> <!-- afterClass -->
        <test-method status="PASS" signature="afterTest()[pri:0, instance:com.parallel.suite.ParallelSuiteTest@5315b42e]" name="afterTest" is-config="true" duration-ms="1" started-at="2017-02-25T10:48:53Z" finished-at="2017-02-25T10:48:53Z">
          <reporter-output>
          </reporter-output>
        </test-method> <!-- afterTest -->
      </class> <!-- com.parallel.suite.ParallelSuiteTest -->
    </test> <!-- Test-class test 2 -->
    <test name="Test-class test 1" duration-ms="21" started-at="2017-02-25T05:18:53Z" finished-at="2017-02-25T05:18:53Z">
      <class name="com.parallel.suite.ParallelSuiteTest">
        <test-method status="PASS" signature="beforeTest(java.lang.String)[pri:0, instance:com.parallel.suite.ParallelSuiteTest@3cda1055]" name="beforeTest" is-config="true" duration-ms="9" started-at="2017-02-25T10:48:53Z" finished-at="2017-02-25T10:48:53Z">
          <params>
            <param index="0">
              <value>
                <![CDATA[TestNG Test One]]>
              </value>
            </param>
          </params>
          <reporter-output>
          </reporter-output>
        </test-method> <!-- beforeTest -->
        <test-method status="PASS" signature="beforeClass()[pri:0, instance:com.parallel.suite.ParallelSuiteTest@3cda1055]" name="beforeClass" is-config="true" duration-ms="0" started-at="2017-02-25T10:48:53Z" finished-at="2017-02-25T10:48:53Z">
          <reporter-output>
          </reporter-output>
        </test-method> <!-- beforeClass -->
        <test-method status="PASS" signature="testMethodOne()[pri:0, instance:com.parallel.suite.ParallelSuiteTest@3cda1055]" name="testMethodOne" duration-ms="0" started-at="2017-02-25T10:48:53Z" finished-at="2017-02-25T10:48:53Z">
          <reporter-output>
          </reporter-output>
        </test-method> <!-- testMethodOne -->
        <test-method status="PASS" signature="afterClass()[pri:0, instance:com.parallel.suite.ParallelSuiteTest@3cda1055]" name="afterClass" is-config="true" duration-ms="0" started-at="2017-02-25T10:48:53Z" finished-at="2017-02-25T10:48:53Z">
          <reporter-output>
          </reporter-output>
        </test-method> <!-- afterClass -->
        <test-method status="PASS" signature="afterTest()[pri:0, instance:com.parallel.suite.ParallelSuiteTest@3cda1055]" name="afterTest" is-config="true" duration-ms="1" started-at="2017-02-25T10:48:53Z" finished-at="2017-02-25T10:48:53Z">
          <reporter-output>
          </reporter-output>
        </test-method> <!-- afterTest -->
      </class> <!-- com.parallel.suite.ParallelSuiteTest -->
    </test> <!-- Test-class test 1 -->
  </suite> <!-- Test-class Suite -->
</testng-results>
