<?xml version="1.0" encoding="UTF-8"?>
<testng-results skipped="0" failed="0" total="6" passed="6">
  <reporter-output>
  </reporter-output>
  <suite name="Parallel test suite" duration-ms="31326" started-at="2017-02-25T16:10:05Z" finished-at="2017-02-25T16:10:36Z">
    <groups>
    </groups>
    <test name="Selenium Grid Data-Driven Test" duration-ms="31326" started-at="2017-02-25T16:10:05Z" finished-at="2017-02-25T16:10:36Z">
      <class name="com.example.selenium.grid.SeleniumGridChrome">
        <test-method status="PASS" signature="setup()[pri:0, instance:com.example.selenium.grid.SeleniumGridChrome@3fee9989]" name="setup" is-config="true" duration-ms="3007" started-at="2017-02-25T21:40:05Z" finished-at="2017-02-25T21:40:08Z">
          <reporter-output>
          </reporter-output>
        </test-method> <!-- setup -->
        <test-method status="PASS" signature="setup()[pri:0, instance:com.example.selenium.grid.SeleniumGridFireFox@73ad2d6]" name="setup" is-config="true" duration-ms="5448" started-at="2017-02-25T21:40:08Z" finished-at="2017-02-25T21:40:14Z">
          <reporter-output>
          </reporter-output>
        </test-method> <!-- setup -->
        <test-method status="PASS" signature="setup()[pri:0, instance:com.example.selenium.grid.SeleniumGridIE@7085bdee]" name="setup" is-config="true" duration-ms="4419" started-at="2017-02-25T21:40:14Z" finished-at="2017-02-25T21:40:18Z">
          <reporter-output>
          </reporter-output>
        </test-method> <!-- setup -->
        <test-method status="PASS" signature="testLogin(java.lang.String, java.lang.String)[pri:0, instance:com.example.selenium.grid.SeleniumGridChrome@3fee9989]" name="testLogin" duration-ms="5236" started-at="2017-02-25T21:40:18Z" data-provider="xlsTest" finished-at="2017-02-25T21:40:24Z">
          <params>
            <param index="0">
              <value>
                <![CDATA[jayasimha.bj@gmail.com]]>
              </value>
            </param>
            <param index="1">
              <value>
                <![CDATA[welcome123]]>
              </value>
            </param>
          </params>
          <reporter-output>
          </reporter-output>
        </test-method> <!-- testLogin -->
        <test-method status="PASS" signature="testLogin(java.lang.String, java.lang.String)[pri:0, instance:com.example.selenium.grid.SeleniumGridChrome@3fee9989]" name="testLogin" duration-ms="735" started-at="2017-02-25T21:40:24Z" data-provider="xlsTest" finished-at="2017-02-25T21:40:24Z">
          <params>
            <param index="0">
              <value>
                <![CDATA[robert.r@gmail.com]]>
              </value>
            </param>
            <param index="1">
              <value>
                <![CDATA[welcome123]]>
              </value>
            </param>
          </params>
          <reporter-output>
          </reporter-output>
        </test-method> <!-- testLogin -->
        <test-method status="PASS" signature="tearDown()[pri:0, instance:com.example.selenium.grid.SeleniumGridChrome@3fee9989]" name="tearDown" is-config="true" duration-ms="930" started-at="2017-02-25T21:40:34Z" finished-at="2017-02-25T21:40:35Z">
          <reporter-output>
          </reporter-output>
        </test-method> <!-- tearDown -->
        <test-method status="PASS" signature="tearDown()[pri:0, instance:com.example.selenium.grid.SeleniumGridFireFox@73ad2d6]" name="tearDown" is-config="true" duration-ms="478" started-at="2017-02-25T21:40:35Z" finished-at="2017-02-25T21:40:36Z">
          <reporter-output>
          </reporter-output>
        </test-method> <!-- tearDown -->
        <test-method status="PASS" signature="tearDown()[pri:0, instance:com.example.selenium.grid.SeleniumGridIE@7085bdee]" name="tearDown" is-config="true" duration-ms="889" started-at="2017-02-25T21:40:36Z" finished-at="2017-02-25T21:40:36Z">
          <reporter-output>
          </reporter-output>
        </test-method> <!-- tearDown -->
      </class> <!-- com.example.selenium.grid.SeleniumGridChrome -->
      <class name="com.example.selenium.grid.SeleniumGridIE">
        <test-method status="PASS" signature="testLogin(java.lang.String, java.lang.String)[pri:0, instance:com.example.selenium.grid.SeleniumGridIE@7085bdee]" name="testLogin" duration-ms="9093" started-at="2017-02-25T21:40:18Z" data-provider="xlsTest" finished-at="2017-02-25T21:40:27Z">
          <params>
            <param index="0">
              <value>
                <![CDATA[jayasimha.bj@gmail.com]]>
              </value>
            </param>
            <param index="1">
              <value>
                <![CDATA[welcome123]]>
              </value>
            </param>
          </params>
          <reporter-output>
          </reporter-output>
        </test-method> <!-- testLogin -->
        <test-method status="PASS" signature="testLogin(java.lang.String, java.lang.String)[pri:0, instance:com.example.selenium.grid.SeleniumGridIE@7085bdee]" name="testLogin" duration-ms="6731" started-at="2017-02-25T21:40:27Z" data-provider="xlsTest" finished-at="2017-02-25T21:40:34Z">
          <params>
            <param index="0">
              <value>
                <![CDATA[robert.r@gmail.com]]>
              </value>
            </param>
            <param index="1">
              <value>
                <![CDATA[welcome123]]>
              </value>
            </param>
          </params>
          <reporter-output>
          </reporter-output>
        </test-method> <!-- testLogin -->
      </class> <!-- com.example.selenium.grid.SeleniumGridIE -->
      <class name="com.example.selenium.grid.SeleniumGridFireFox">
        <test-method status="PASS" signature="testLogin(java.lang.String, java.lang.String)[pri:0, instance:com.example.selenium.grid.SeleniumGridFireFox@73ad2d6]" name="testLogin" duration-ms="5263" started-at="2017-02-25T21:40:18Z" data-provider="xlsTest" finished-at="2017-02-25T21:40:24Z">
          <params>
            <param index="0">
              <value>
                <![CDATA[jayasimha.bj@gmail.com]]>
              </value>
            </param>
            <param index="1">
              <value>
                <![CDATA[welcome123]]>
              </value>
            </param>
          </params>
          <reporter-output>
          </reporter-output>
        </test-method> <!-- testLogin -->
        <test-method status="PASS" signature="testLogin(java.lang.String, java.lang.String)[pri:0, instance:com.example.selenium.grid.SeleniumGridFireFox@73ad2d6]" name="testLogin" duration-ms="1098" started-at="2017-02-25T21:40:24Z" data-provider="xlsTest" finished-at="2017-02-25T21:40:25Z">
          <params>
            <param index="0">
              <value>
                <![CDATA[robert.r@gmail.com]]>
              </value>
            </param>
            <param index="1">
              <value>
                <![CDATA[welcome123]]>
              </value>
            </param>
          </params>
          <reporter-output>
          </reporter-output>
        </test-method> <!-- testLogin -->
      </class> <!-- com.example.selenium.grid.SeleniumGridFireFox -->
    </test> <!-- Selenium Grid Data-Driven Test -->
  </suite> <!-- Parallel test suite -->
  <suite name="My test suite" duration-ms="0" started-at="2017-02-25T16:10:37Z" finished-at="2017-02-25T16:10:37Z">
    <groups>
    </groups>
  </suite> <!-- My test suite -->
</testng-results>
